<?xml version="1.0" encoding="UTF-8"?>
<!-- Generated by org.testng.reporters.JUnitReportReporter -->
<testsuite hostname="POO-PC" name="test.TestNGSimpleTest" tests="1" failures="0" timestamp="12 Nov 2013 08:20:05 GMT" time="0.015" errors="0">
  <testcase name="testAdd" time="0.015" classname="test.TestNGSimpleTest"/>
</testsuite> <!-- test.TestNGSimpleTest -->
