<?xml version="1.0" encoding="UTF-8"?>
<!-- Generated by org.testng.reporters.JUnitReportReporter -->
<testsuite hostname="POO-PC" name="test.TestEmployeeDetails" tests="2" failures="0" timestamp="3 Jan 2014 09:32:28 GMT" time="0.019" errors="0">
  <testcase name="testCalculateYearlySalary" time="0.002" classname="test.TestEmployeeDetails"/>
  <testcase name="testCalcualateAppraisal" time="0.017" classname="test.TestEmployeeDetails"/>
</testsuite> <!-- test.TestEmployeeDetails -->
